<?xml version="1.0" encoding="UTF-8"?>
<!-- Generated by org.testng.reporters.JUnitReportReporter -->
<testsuite skipped="0" hostname="SonaliDas" name="src.SeleniumTest" tests="1" failures="0" timestamp="17 Nov 2020 05:59:12 GMT" time="14.894" errors="0">
  <testcase name="f" time="14.894" classname="src.SeleniumTest"/>
</testsuite> <!-- src.SeleniumTest -->
